Final triangulation:

Point    0:  1.5  -0.5
Point    1:  2  -1.25
Point    2:  1  -1

Triangle    0 points:     2     1     0

Segment    0 points:     0     1
Segment    1 points:     1     2
Segment    2 points:     2     0


Final triangulation:

Point    0:  1.5  -0.5
Point    1:  2.5  -0.5
Point    2:  2  -1.25

Triangle    0 points:     0     2     1

Segment    0 points:     0     1
Segment    1 points:     1     2
Segment    2 points:     2     0


Final triangulation:

Point    0:  2.5  -0.5
Point    1:  3  -1
Point    2:  2  -1.25

Triangle    0 points:     2     1     0

Segment    0 points:     0     1
Segment    1 points:     1     2
Segment    2 points:     2     0


Final triangulation:

Point    0:  0.75  0
Point    1:  1.5  -0.5
Point    2:  1  -1

Triangle    0 points:     0     2     1

Segment    0 points:     0     1
Segment    1 points:     1     2
Segment    2 points:     2     0


Final triangulation:

Point    0:  2.5  -0.5
Point    1:  3.25  0
Point    2:  3  -1

Triangle    0 points:     0     2     1

Segment    0 points:     0     1
Segment    1 points:     1     2
Segment    2 points:     2     0


Final triangulation:

Point    0:  0.75  0
Point    1:  2.1  0.25
Point    2:  1.5  -0.5

Triangle    0 points:     0     2     1

Segment    0 points:     0     1
Segment    1 points:     1     2
Segment    2 points:     2     0


Final triangulation:

Point    0:  2.1  0.25
Point    1:  2.5  -0.5
Point    2:  1.5  -0.5

Triangle    0 points:     2     1     0

Segment    0 points:     0     1
Segment    1 points:     1     2
Segment    2 points:     2     0


Final triangulation:

Point    0:  2.1  0.25
Point    1:  3.25  0
Point    2:  2.5  -0.5

Triangle    0 points:     0     2     1

Segment    0 points:     0     1
Segment    1 points:     1     2
Segment    2 points:     2     0


Final triangulation:

Point    0:  2  1.25
Point    1:  2.1  0.25
Point    2:  0.75  0

Triangle    0 points:     2     1     0

Segment    0 points:     0     1
Segment    1 points:     1     2
Segment    2 points:     2     0


Final triangulation:

Point    0:  2  1.25
Point    1:  3.25  0
Point    2:  2.1  0.25

Triangle    0 points:     0     2     1

Segment    0 points:     0     1
Segment    1 points:     1     2
Segment    2 points:     2     0


Final triangulation:

Point    0:  1  1
Point    1:  2  1.25
Point    2:  0.75  0

Triangle    0 points:     2     1     0

Segment    0 points:     0     1
Segment    1 points:     1     2
Segment    2 points:     2     0


Final triangulation:

Point    0:  3  1
Point    1:  3.25  0
Point    2:  2  1.25

Triangle    0 points:     2     1     0

Segment    0 points:     0     1
Segment    1 points:     1     2
Segment    2 points:     2     0


Final triangulation:

Point    0:  3  1
Point    1:  2  1.25
Point    2:  2  1.55
Point    3:  3.21213  1.21213

Triangle    0 points:     2     1     0
Triangle    1 points:     0     3     2

Segment    0 points:     0     1
Segment    1 points:     1     2
Segment    2 points:     2     3
Segment    3 points:     3     0


Final triangulation:

Point    0:  3.25  0
Point    1:  3  1
Point    2:  3.21213  1.21213
Point    3:  3.55  0

Triangle    0 points:     2     1     3
Triangle    1 points:     0     3     1

Segment    0 points:     0     1
Segment    1 points:     1     2
Segment    2 points:     2     3
Segment    3 points:     3     0


Final triangulation:

Point    0:  3  -1
Point    1:  3.25  0
Point    2:  3.55  0
Point    3:  3.21213  -1.21213

Triangle    0 points:     0     3     2
Triangle    1 points:     2     1     0

Segment    0 points:     0     1
Segment    1 points:     1     2
Segment    2 points:     2     3
Segment    3 points:     3     0


Final triangulation:

Point    0:  2  -1.25
Point    1:  3  -1
Point    2:  3.21213  -1.21213
Point    3:  2  -1.55

Triangle    0 points:     0     3     1
Triangle    1 points:     2     1     3

Segment    0 points:     0     1
Segment    1 points:     1     2
Segment    2 points:     2     3
Segment    3 points:     3     0


Final triangulation:

Point    0:  1  -1
Point    1:  2  -1.25
Point    2:  2  -1.55
Point    3:  0.787868  -1.21213

Triangle    0 points:     0     3     2
Triangle    1 points:     2     1     0

Segment    0 points:     0     1
Segment    1 points:     1     2
Segment    2 points:     2     3
Segment    3 points:     3     0


Final triangulation:

Point    0:  0.75  0
Point    1:  1  -1
Point    2:  0.787868  -1.21213
Point    3:  0.45  0

Triangle    0 points:     0     3     1
Triangle    1 points:     2     1     3

Segment    0 points:     0     1
Segment    1 points:     1     2
Segment    2 points:     2     3
Segment    3 points:     3     0


Final triangulation:

Point    0:  1  1
Point    1:  0.75  0
Point    2:  0.45  0
Point    3:  0.787868  1.21213

Triangle    0 points:     2     1     0
Triangle    1 points:     0     3     2

Segment    0 points:     0     1
Segment    1 points:     1     2
Segment    2 points:     2     3
Segment    3 points:     3     0


Final triangulation:

Point    0:  2  1.25
Point    1:  1  1
Point    2:  0.787868  1.21213
Point    3:  2  1.55

Triangle    0 points:     2     1     3
Triangle    1 points:     0     3     1

Segment    0 points:     0     1
Segment    1 points:     1     2
Segment    2 points:     2     3
Segment    3 points:     3     0


Final triangulation:

Point    0:  0.45  0
Point    1:  0.787868  -1.21213
Point    2:  0.375  -2.5
Point    3:  0.375  2.5

Triangle    0 points:     3     2     0
Triangle    1 points:     1     0     2

Segment    0 points:     0     1
Segment    1 points:     1     2
Segment    2 points:     2     3
Segment    3 points:     0     3


Final triangulation:

Point    0:  0.787868  -1.21213
Point    1:  2  -1.55
Point    2:  3.21213  -1.21213
Point    3:  3.55  0
Point    4:  3.21213  1.21213
Point    5:  2  1.55
Point    6:  0.787868  1.21213
Point    7:  0.45  0
Point    8:  0.375  2.5
Point    9:  4.5  2.5
Point   10:  4.5  -2.5
Point   11:  0.375  -2.5

Triangle    0 points:    11     1     0
Triangle    1 points:     1    11    10
Triangle    2 points:     8     7     6
Triangle    3 points:     5     8     6
Triangle    4 points:     2    10     3
Triangle    5 points:    10     2     1
Triangle    6 points:     3    10     9
Triangle    7 points:     5     4     9
Triangle    8 points:     9     4     3
Triangle    9 points:     5     9     8

Segment    0 points:     0     1
Segment    1 points:     2     1
Segment    2 points:     3     2
Segment    3 points:     4     3
Segment    4 points:     4     5
Segment    5 points:     5     6
Segment    6 points:     6     7
Segment    7 points:     7     8
Segment    8 points:     8     9
Segment    9 points:     9    10
Segment   10 points:    10    11
Segment   11 points:     0    11


